<?xml version="1.0" encoding="UTF-8"?>
<testsuite xmlns:xsi="http://www.w3.org/2001/XMLSchema-instance" xsi:noNamespaceSchemaLocation="https://maven.apache.org/surefire/maven-surefire-plugin/xsd/surefire-test-report.xsd" name="io.spring.cloud.dataflow.ingest.BatchApplicationTests" time="4.314" tests="2" errors="0" skipped="0" failures="0">
  <properties>
[...]
</properties>
  <testcase name="testBatchConfigurationFail" classname="io.spring.cloud.dataflow.ingest.BatchApplicationTests" time="1.295"/>
  <testcase name="testBatchDataProcessing" classname="io.spring.cloud.dataflow.ingest.BatchApplicationTests" time="0.967"/>
</testsuite>